0 info it worked if it ends with ok
1 verbose cli [ '/home/mark/.nvm/versions/node/v4.2.1/bin/node',
1 verbose cli   '/usr/bin/npm',
1 verbose cli   'start' ]
2 info using npm@3.10.3
3 info using node@v4.2.1
4 verbose run-script [ 'prestart', 'start', 'poststart' ]
5 info lifecycle farm-list@0.0.0~prestart: farm-list@0.0.0
6 silly lifecycle farm-list@0.0.0~prestart: no script for prestart, continuing
7 info lifecycle farm-list@0.0.0~start: farm-list@0.0.0
8 verbose lifecycle farm-list@0.0.0~start: unsafe-perm in lifecycle true
9 verbose lifecycle farm-list@0.0.0~start: PATH: /usr/lib/node_modules/npm/bin/node-gyp-bin:/home/mark/farm-list-node/farm-list/node_modules/.bin:/home/mark/.nvm/versions/node/v4.2.1/bin:/home/mark/.config/composer/vendor/bin:/home/mark/.pyenv/plugins/pyenv-virtualenv/shims:/home/mark/.pyenv/shims:/home/mark/.pyenv/bin:/home/mark/.nvm/versions/node/v4.2.1/bin:/home/mark/perl5/bin:/home/mark/.rvm/gems/ruby-2.2.4/bin:/home/mark/.rvm/gems/ruby-2.2.4@global/bin:/home/mark/.rvm/rubies/ruby-2.2.4/bin:/usr/local/sbin:/usr/local/bin:/usr/bin:/usr/lib/jvm/default/bin:/usr/bin/site_perl:/usr/bin/vendor_perl:/usr/bin/core_perl:/home/mark/.rvm/bin:/home/mark/.rvm/bin:/home/mark/.fzf/bin
10 verbose lifecycle farm-list@0.0.0~start: CWD: /home/mark/farm-list-node/farm-list
11 silly lifecycle farm-list@0.0.0~start: Args: [ '-c', 'node ./bin/www' ]
12 silly lifecycle farm-list@0.0.0~start: Returned: code: 1  signal: null
13 info lifecycle farm-list@0.0.0~start: Failed to exec start script
14 verbose stack Error: farm-list@0.0.0 start: `node ./bin/www`
14 verbose stack Exit status 1
14 verbose stack     at EventEmitter.<anonymous> (/usr/lib/node_modules/npm/lib/utils/lifecycle.js:242:16)
14 verbose stack     at emitTwo (events.js:87:13)
14 verbose stack     at EventEmitter.emit (events.js:172:7)
14 verbose stack     at ChildProcess.<anonymous> (/usr/lib/node_modules/npm/lib/utils/spawn.js:40:14)
14 verbose stack     at emitTwo (events.js:87:13)
14 verbose stack     at ChildProcess.emit (events.js:172:7)
14 verbose stack     at maybeClose (internal/child_process.js:818:16)
14 verbose stack     at Process.ChildProcess._handle.onexit (internal/child_process.js:211:5)
15 verbose pkgid farm-list@0.0.0
16 verbose cwd /home/mark/farm-list-node/farm-list
17 error Linux 4.6.2-1-ARCH
18 error argv "/home/mark/.nvm/versions/node/v4.2.1/bin/node" "/usr/bin/npm" "start"
19 error node v4.2.1
20 error npm  v3.10.3
21 error code ELIFECYCLE
22 error farm-list@0.0.0 start: `node ./bin/www`
22 error Exit status 1
23 error Failed at the farm-list@0.0.0 start script 'node ./bin/www'.
23 error Make sure you have the latest version of node.js and npm installed.
23 error If you do, this is most likely a problem with the farm-list package,
23 error not with npm itself.
23 error Tell the author that this fails on your system:
23 error     node ./bin/www
23 error You can get information on how to open an issue for this project with:
23 error     npm bugs farm-list
23 error Or if that isn't available, you can get their info via:
23 error     npm owner ls farm-list
23 error There is likely additional logging output above.
24 verbose exit [ 1, true ]
